[0105/151436.669:ERROR:process_reader_win.cc(151)] SuspendThread: Access is denied. (0x5)
[0105/151436.673:ERROR:process_reader_win.cc(151)] SuspendThread: Access is denied. (0x5)
[0105/151436.673:ERROR:process_reader_win.cc(123)] NtOpenThread: {Access Denied} A process has requested access to an object, but has not been granted those access rights. (0xc0000022)
[0105/151436.674:ERROR:exception_snapshot_win.cc(99)] thread ID 47920 not found in process
[0105/151436.709:ERROR:process_reader_win.cc(123)] NtOpenThread: {Access Denied} A process has requested access to an object, but has not been granted those access rights. (0xc0000022)
[0105/151436.709:ERROR:exception_snapshot_win.cc(99)] thread ID 46972 not found in process
[0105/151436.757:ERROR:process_reader_win.cc(151)] SuspendThread: Access is denied. (0x5)
[0105/151436.757:ERROR:process_reader_win.cc(151)] SuspendThread: Access is denied. (0x5)
[0105/151436.757:ERROR:process_reader_win.cc(151)] SuspendThread: Access is denied. (0x5)
[0105/151436.757:ERROR:process_reader_win.cc(151)] SuspendThread: Access is denied. (0x5)
[0105/151436.757:ERROR:process_reader_win.cc(151)] SuspendThread: Access is denied. (0x5)
[0105/151436.757:ERROR:process_reader_win.cc(151)] SuspendThread: Access is denied. (0x5)
[0105/151436.757:ERROR:process_reader_win.cc(123)] NtOpenThread: {Access Denied} A process has requested access to an object, but has not been granted those access rights. (0xc0000022)
[0105/151436.757:ERROR:exception_snapshot_win.cc(99)] thread ID 46944 not found in process
[0105/151708.643:ERROR:process_reader_win.cc(123)] NtOpenThread: {Access Denied} A process has requested access to an object, but has not been granted those access rights. (0xc0000022)
[0105/151708.650:ERROR:exception_snapshot_win.cc(99)] thread ID 37480 not found in process
[0105/151708.692:ERROR:process_reader_win.cc(123)] NtOpenThread: {Access Denied} A process has requested access to an object, but has not been granted those access rights. (0xc0000022)
[0105/151708.693:ERROR:exception_snapshot_win.cc(99)] thread ID 47120 not found in process
[0105/151844.994:ERROR:process_reader_win.cc(151)] SuspendThread: Access is denied. (0x5)
[0105/151845.039:ERROR:process_reader_win.cc(151)] SuspendThread: Access is denied. (0x5)
[0105/151845.040:ERROR:process_reader_win.cc(123)] NtOpenThread: {Access Denied} A process has requested access to an object, but has not been granted those access rights. (0xc0000022)
[0105/151845.043:ERROR:exception_snapshot_win.cc(99)] thread ID 46792 not found in process
[0105/151845.052:ERROR:process_reader_win.cc(151)] SuspendThread: Access is denied. (0x5)
[0105/151845.052:ERROR:process_reader_win.cc(151)] SuspendThread: Access is denied. (0x5)
[0105/151845.052:ERROR:process_reader_win.cc(151)] SuspendThread: Access is denied. (0x5)
[0105/151845.052:ERROR:process_reader_win.cc(151)] SuspendThread: Access is denied. (0x5)
[0105/151845.052:ERROR:process_reader_win.cc(151)] SuspendThread: Access is denied. (0x5)
[0105/151845.052:ERROR:process_reader_win.cc(151)] SuspendThread: Access is denied. (0x5)
[0105/151845.052:ERROR:process_reader_win.cc(123)] NtOpenThread: {Access Denied} A process has requested access to an object, but has not been granted those access rights. (0xc0000022)
[0105/151845.052:ERROR:exception_snapshot_win.cc(99)] thread ID 46372 not found in process
[0105/151845.042:ERROR:process_reader_win.cc(123)] NtOpenThread: {Access Denied} A process has requested access to an object, but has not been granted those access rights. (0xc0000022)
[0105/151845.060:ERROR:exception_snapshot_win.cc(99)] thread ID 34264 not found in process
[0105/151945.925:ERROR:process_reader_win.cc(151)] SuspendThread: Access is denied. (0x5)
[0105/151945.932:ERROR:process_reader_win.cc(151)] SuspendThread: Access is denied. (0x5)
[0105/151945.932:ERROR:process_reader_win.cc(123)] NtOpenThread: {Access Denied} A process has requested access to an object, but has not been granted those access rights. (0xc0000022)
[0105/151945.950:ERROR:exception_snapshot_win.cc(99)] thread ID 37468 not found in process
[0105/151946.007:ERROR:process_reader_win.cc(123)] NtOpenThread: {Access Denied} A process has requested access to an object, but has not been granted those access rights. (0xc0000022)
[0105/151946.007:ERROR:exception_snapshot_win.cc(99)] thread ID 45996 not found in process
[0105/152022.819:ERROR:process_reader_win.cc(151)] SuspendThread: Access is denied. (0x5)
[0105/152022.821:ERROR:process_reader_win.cc(151)] SuspendThread: Access is denied. (0x5)
[0105/152022.821:ERROR:process_reader_win.cc(151)] SuspendThread: Access is denied. (0x5)
[0105/152022.821:ERROR:process_reader_win.cc(123)] NtOpenThread: {Access Denied} A process has requested access to an object, but has not been granted those access rights. (0xc0000022)
[0105/152022.822:ERROR:exception_snapshot_win.cc(99)] thread ID 26116 not found in process
[0105/152125.297:ERROR:process_reader_win.cc(151)] SuspendThread: Access is denied. (0x5)
[0105/152125.299:ERROR:process_reader_win.cc(151)] SuspendThread: Access is denied. (0x5)
[0105/152125.300:ERROR:process_reader_win.cc(123)] NtOpenThread: {Access Denied} A process has requested access to an object, but has not been granted those access rights. (0xc0000022)
[0105/152125.332:ERROR:exception_snapshot_win.cc(99)] thread ID 45364 not found in process
[0105/152125.369:ERROR:process_reader_win.cc(151)] SuspendThread: Access is denied. (0x5)
[0105/152125.370:ERROR:process_reader_win.cc(151)] SuspendThread: Access is denied. (0x5)
[0105/152125.370:ERROR:process_reader_win.cc(151)] SuspendThread: Access is denied. (0x5)
[0105/152125.370:ERROR:process_reader_win.cc(151)] SuspendThread: Access is denied. (0x5)
[0105/152125.370:ERROR:process_reader_win.cc(123)] NtOpenThread: {Access Denied} A process has requested access to an object, but has not been granted those access rights. (0xc0000022)
[0105/152125.370:ERROR:exception_snapshot_win.cc(99)] thread ID 42256 not found in process
[0105/152706.857:ERROR:process_reader_win.cc(123)] NtOpenThread: {Access Denied} A process has requested access to an object, but has not been granted those access rights. (0xc0000022)
[0105/152706.903:ERROR:exception_snapshot_win.cc(99)] thread ID 48648 not found in process
[0105/152706.911:ERROR:process_reader_win.cc(151)] SuspendThread: Access is denied. (0x5)
[0105/152706.915:ERROR:process_reader_win.cc(151)] SuspendThread: Access is denied. (0x5)
[0105/152706.915:ERROR:process_reader_win.cc(151)] SuspendThread: Access is denied. (0x5)
[0105/152706.915:ERROR:process_reader_win.cc(123)] NtOpenThread: {Access Denied} A process has requested access to an object, but has not been granted those access rights. (0xc0000022)
[0105/152706.915:ERROR:exception_snapshot_win.cc(99)] thread ID 46188 not found in process
[0105/152849.682:ERROR:process_reader_win.cc(151)] SuspendThread: Access is denied. (0x5)
[0105/152849.718:ERROR:process_reader_win.cc(123)] NtOpenThread: {Access Denied} A process has requested access to an object, but has not been granted those access rights. (0xc0000022)
[0105/152849.719:ERROR:exception_snapshot_win.cc(99)] thread ID 49088 not found in process
[0105/152849.717:ERROR:process_reader_win.cc(123)] NtOpenThread: {Access Denied} A process has requested access to an object, but has not been granted those access rights. (0xc0000022)
[0105/152849.721:ERROR:exception_snapshot_win.cc(99)] thread ID 46308 not found in process
[0105/152849.726:ERROR:process_reader_win.cc(151)] SuspendThread: Access is denied. (0x5)
[0105/152849.727:ERROR:process_reader_win.cc(151)] SuspendThread: Access is denied. (0x5)
[0105/152849.727:ERROR:process_reader_win.cc(151)] SuspendThread: Access is denied. (0x5)
[0105/152849.727:ERROR:process_reader_win.cc(151)] SuspendThread: Access is denied. (0x5)
[0105/152849.727:ERROR:process_reader_win.cc(151)] SuspendThread: Access is denied. (0x5)
[0105/152849.727:ERROR:process_reader_win.cc(123)] NtOpenThread: {Access Denied} A process has requested access to an object, but has not been granted those access rights. (0xc0000022)
[0105/152849.727:ERROR:exception_snapshot_win.cc(99)] thread ID 48644 not found in process
[0105/153517.522:ERROR:process_reader_win.cc(151)] SuspendThread: Access is denied. (0x5)
[0105/153517.557:ERROR:process_reader_win.cc(151)] SuspendThread: Access is denied. (0x5)
[0105/153517.557:ERROR:process_reader_win.cc(123)] NtOpenThread: {Access Denied} A process has requested access to an object, but has not been granted those access rights. (0xc0000022)
[0105/153517.558:ERROR:exception_snapshot_win.cc(99)] thread ID 48848 not found in process
[0105/153517.582:ERROR:process_reader_win.cc(151)] SuspendThread: Access is denied. (0x5)
[0105/153517.582:ERROR:process_reader_win.cc(151)] SuspendThread: Access is denied. (0x5)
[0105/153517.582:ERROR:process_reader_win.cc(151)] SuspendThread: Access is denied. (0x5)
[0105/153517.582:ERROR:process_reader_win.cc(151)] SuspendThread: Access is denied. (0x5)
[0105/153517.582:ERROR:process_reader_win.cc(151)] SuspendThread: Access is denied. (0x5)
[0105/153517.583:ERROR:process_reader_win.cc(151)] SuspendThread: Access is denied. (0x5)
[0105/153517.583:ERROR:process_reader_win.cc(123)] NtOpenThread: {Access Denied} A process has requested access to an object, but has not been granted those access rights. (0xc0000022)
[0105/153517.583:ERROR:exception_snapshot_win.cc(99)] thread ID 49020 not found in process
[0105/153859.168:ERROR:process_reader_win.cc(151)] SuspendThread: Access is denied. (0x5)
[0105/153859.171:ERROR:process_reader_win.cc(123)] NtOpenThread: {Access Denied} A process has requested access to an object, but has not been granted those access rights. (0xc0000022)
[0105/153859.177:ERROR:exception_snapshot_win.cc(99)] thread ID 20920 not found in process
[0105/153859.221:ERROR:process_reader_win.cc(151)] SuspendThread: Access is denied. (0x5)
[0105/153859.222:ERROR:process_reader_win.cc(151)] SuspendThread: Access is denied. (0x5)
[0105/153859.222:ERROR:process_reader_win.cc(151)] SuspendThread: Access is denied. (0x5)
[0105/153859.222:ERROR:process_reader_win.cc(151)] SuspendThread: Access is denied. (0x5)
[0105/153859.222:ERROR:process_reader_win.cc(151)] SuspendThread: Access is denied. (0x5)
[0105/153859.222:ERROR:process_reader_win.cc(151)] SuspendThread: Access is denied. (0x5)
[0105/153859.222:ERROR:process_reader_win.cc(123)] NtOpenThread: {Access Denied} A process has requested access to an object, but has not been granted those access rights. (0xc0000022)
[0105/153859.222:ERROR:exception_snapshot_win.cc(99)] thread ID 41912 not found in process
[0105/154020.711:ERROR:process_reader_win.cc(151)] SuspendThread: Access is denied. (0x5)
[0105/154020.712:ERROR:process_reader_win.cc(151)] SuspendThread: Access is denied. (0x5)
[0105/154020.712:ERROR:process_reader_win.cc(123)] NtOpenThread: {Access Denied} A process has requested access to an object, but has not been granted those access rights. (0xc0000022)
[0105/154020.743:ERROR:exception_snapshot_win.cc(99)] thread ID 49720 not found in process
[0105/154020.779:ERROR:process_reader_win.cc(151)] SuspendThread: Access is denied. (0x5)
[0105/154020.779:ERROR:process_reader_win.cc(151)] SuspendThread: Access is denied. (0x5)
[0105/154020.779:ERROR:process_reader_win.cc(151)] SuspendThread: Access is denied. (0x5)
[0105/154020.779:ERROR:process_reader_win.cc(151)] SuspendThread: Access is denied. (0x5)
[0105/154020.779:ERROR:process_reader_win.cc(151)] SuspendThread: Access is denied. (0x5)
[0105/154020.779:ERROR:process_reader_win.cc(151)] SuspendThread: Access is denied. (0x5)
[0105/154020.779:ERROR:process_reader_win.cc(123)] NtOpenThread: {Access Denied} A process has requested access to an object, but has not been granted those access rights. (0xc0000022)
[0105/154020.779:ERROR:exception_snapshot_win.cc(99)] thread ID 46280 not found in process
[0105/154234.094:ERROR:process_reader_win.cc(123)] NtOpenThread: {Access Denied} A process has requested access to an object, but has not been granted those access rights. (0xc0000022)
[0105/154234.095:ERROR:exception_snapshot_win.cc(99)] thread ID 48372 not found in process
[0105/154234.144:ERROR:process_reader_win.cc(123)] NtOpenThread: {Access Denied} A process has requested access to an object, but has not been granted those access rights. (0xc0000022)
[0105/154234.144:ERROR:exception_snapshot_win.cc(99)] thread ID 47308 not found in process
[0105/154354.727:ERROR:process_reader_win.cc(151)] SuspendThread: Access is denied. (0x5)
[0105/154354.729:ERROR:process_reader_win.cc(151)] SuspendThread: Access is denied. (0x5)
[0105/154354.729:ERROR:process_reader_win.cc(123)] NtOpenThread: {Access Denied} A process has requested access to an object, but has not been granted those access rights. (0xc0000022)
[0105/154354.730:ERROR:exception_snapshot_win.cc(99)] thread ID 49820 not found in process
[0105/154354.796:ERROR:process_reader_win.cc(151)] SuspendThread: Access is denied. (0x5)
[0105/154354.796:ERROR:process_reader_win.cc(151)] SuspendThread: Access is denied. (0x5)
[0105/154354.796:ERROR:process_reader_win.cc(151)] SuspendThread: Access is denied. (0x5)
[0105/154354.796:ERROR:process_reader_win.cc(151)] SuspendThread: Access is denied. (0x5)
[0105/154354.796:ERROR:process_reader_win.cc(151)] SuspendThread: Access is denied. (0x5)
[0105/154354.796:ERROR:process_reader_win.cc(151)] SuspendThread: Access is denied. (0x5)
[0105/154354.796:ERROR:process_reader_win.cc(123)] NtOpenThread: {Access Denied} A process has requested access to an object, but has not been granted those access rights. (0xc0000022)
[0105/154354.796:ERROR:exception_snapshot_win.cc(99)] thread ID 49220 not found in process
[0105/154555.190:ERROR:process_reader_win.cc(151)] SuspendThread: Access is denied. (0x5)
[0105/154555.227:ERROR:process_reader_win.cc(151)] SuspendThread: Access is denied. (0x5)
[0105/154555.227:ERROR:process_reader_win.cc(151)] SuspendThread: Access is denied. (0x5)
[0105/154555.227:ERROR:process_reader_win.cc(151)] SuspendThread: Access is denied. (0x5)
[0105/154555.227:ERROR:process_reader_win.cc(151)] SuspendThread: Access is denied. (0x5)
[0105/154555.227:ERROR:process_reader_win.cc(151)] SuspendThread: Access is denied. (0x5)
[0105/154555.227:ERROR:process_reader_win.cc(151)] SuspendThread: Access is denied. (0x5)
[0105/154555.227:ERROR:process_reader_win.cc(151)] SuspendThread: Access is denied. (0x5)
[0105/154555.227:ERROR:process_reader_win.cc(151)] SuspendThread: Access is denied. (0x5)
[0105/154555.227:ERROR:process_reader_win.cc(151)] SuspendThread: Access is denied. (0x5)
[0105/154555.227:ERROR:process_reader_win.cc(123)] NtOpenThread: {Access Denied} A process has requested access to an object, but has not been granted those access rights. (0xc0000022)
[0105/154555.236:ERROR:exception_snapshot_win.cc(99)] thread ID 46516 not found in process
[0105/154555.284:ERROR:process_reader_win.cc(151)] SuspendThread: Access is denied. (0x5)
[0105/154555.284:ERROR:process_reader_win.cc(151)] SuspendThread: Access is denied. (0x5)
[0105/154555.284:ERROR:process_reader_win.cc(151)] SuspendThread: Access is denied. (0x5)
[0105/154555.284:ERROR:process_reader_win.cc(151)] SuspendThread: Access is denied. (0x5)
[0105/154555.284:ERROR:process_reader_win.cc(151)] SuspendThread: Access is denied. (0x5)
[0105/154555.284:ERROR:process_reader_win.cc(151)] SuspendThread: Access is denied. (0x5)
[0105/154555.284:ERROR:process_reader_win.cc(123)] NtOpenThread: {Access Denied} A process has requested access to an object, but has not been granted those access rights. (0xc0000022)
[0105/154555.284:ERROR:exception_snapshot_win.cc(99)] thread ID 30344 not found in process
[0105/154923.593:ERROR:process_reader_win.cc(151)] SuspendThread: Access is denied. (0x5)
[0105/154923.593:ERROR:process_reader_win.cc(151)] SuspendThread: Access is denied. (0x5)
[0105/154923.595:ERROR:process_reader_win.cc(151)] SuspendThread: Access is denied. (0x5)
[0105/154923.595:ERROR:process_reader_win.cc(123)] NtOpenThread: {Access Denied} A process has requested access to an object, but has not been granted those access rights. (0xc0000022)
[0105/154923.596:ERROR:exception_snapshot_win.cc(99)] thread ID 50948 not found in process
[0105/154923.595:ERROR:process_reader_win.cc(123)] NtOpenThread: {Access Denied} A process has requested access to an object, but has not been granted those access rights. (0xc0000022)
[0105/154923.620:ERROR:exception_snapshot_win.cc(99)] thread ID 47080 not found in process
[0105/154923.691:ERROR:process_reader_win.cc(151)] SuspendThread: Access is denied. (0x5)
[0105/154923.692:ERROR:process_reader_win.cc(151)] SuspendThread: Access is denied. (0x5)
[0105/154923.692:ERROR:process_reader_win.cc(151)] SuspendThread: Access is denied. (0x5)
[0105/154923.692:ERROR:process_reader_win.cc(151)] SuspendThread: Access is denied. (0x5)
[0105/154923.692:ERROR:process_reader_win.cc(151)] SuspendThread: Access is denied. (0x5)
[0105/154923.692:ERROR:process_reader_win.cc(151)] SuspendThread: Access is denied. (0x5)
[0105/154923.692:ERROR:process_reader_win.cc(123)] NtOpenThread: {Access Denied} A process has requested access to an object, but has not been granted those access rights. (0xc0000022)
[0105/154923.692:ERROR:exception_snapshot_win.cc(99)] thread ID 51108 not found in process
[0105/154923.709:ERROR:process_reader_win.cc(151)] SuspendThread: Access is denied. (0x5)
[0105/154923.709:ERROR:process_reader_win.cc(151)] SuspendThread: Access is denied. (0x5)
[0105/154923.709:ERROR:process_reader_win.cc(151)] SuspendThread: Access is denied. (0x5)
[0105/154923.709:ERROR:process_reader_win.cc(151)] SuspendThread: Access is denied. (0x5)
[0105/154923.709:ERROR:process_reader_win.cc(151)] SuspendThread: Access is denied. (0x5)
[0105/154923.710:ERROR:process_reader_win.cc(151)] SuspendThread: Access is denied. (0x5)
[0105/154923.710:ERROR:process_reader_win.cc(123)] NtOpenThread: {Access Denied} A process has requested access to an object, but has not been granted those access rights. (0xc0000022)
[0105/154923.710:ERROR:exception_snapshot_win.cc(99)] thread ID 50452 not found in process
[0105/155056.683:ERROR:process_reader_win.cc(151)] SuspendThread: Access is denied. (0x5)
[0105/155056.684:ERROR:process_reader_win.cc(151)] SuspendThread: Access is denied. (0x5)
[0105/155056.684:ERROR:process_reader_win.cc(123)] NtOpenThread: {Access Denied} A process has requested access to an object, but has not been granted those access rights. (0xc0000022)
[0105/155056.685:ERROR:exception_snapshot_win.cc(99)] thread ID 50848 not found in process
[0105/155056.721:ERROR:process_reader_win.cc(151)] SuspendThread: Access is denied. (0x5)
[0105/155056.721:ERROR:process_reader_win.cc(151)] SuspendThread: Access is denied. (0x5)
[0105/155056.721:ERROR:process_reader_win.cc(151)] SuspendThread: Access is denied. (0x5)
[0105/155056.721:ERROR:process_reader_win.cc(151)] SuspendThread: Access is denied. (0x5)
[0105/155056.721:ERROR:process_reader_win.cc(151)] SuspendThread: Access is denied. (0x5)
[0105/155056.721:ERROR:process_reader_win.cc(151)] SuspendThread: Access is denied. (0x5)
[0105/155056.721:ERROR:process_reader_win.cc(123)] NtOpenThread: {Access Denied} A process has requested access to an object, but has not been granted those access rights. (0xc0000022)
[0105/155056.722:ERROR:exception_snapshot_win.cc(99)] thread ID 44744 not found in process
[0105/155218.242:ERROR:process_reader_win.cc(151)] SuspendThread: Access is denied. (0x5)
[0105/155218.245:ERROR:process_reader_win.cc(151)] SuspendThread: Access is denied. (0x5)
[0105/155218.245:ERROR:process_reader_win.cc(151)] SuspendThread: Access is denied. (0x5)
[0105/155218.245:ERROR:process_reader_win.cc(151)] SuspendThread: Access is denied. (0x5)
[0105/155218.245:ERROR:process_reader_win.cc(151)] SuspendThread: Access is denied. (0x5)
[0105/155218.245:ERROR:process_reader_win.cc(151)] SuspendThread: Access is denied. (0x5)
[0105/155218.245:ERROR:process_reader_win.cc(151)] SuspendThread: Access is denied. (0x5)
[0105/155218.245:ERROR:process_reader_win.cc(151)] SuspendThread: Access is denied. (0x5)
[0105/155218.245:ERROR:process_reader_win.cc(151)] SuspendThread: Access is denied. (0x5)
[0105/155218.245:ERROR:process_reader_win.cc(151)] SuspendThread: Access is denied. (0x5)
[0105/155218.245:ERROR:process_reader_win.cc(151)] SuspendThread: Access is denied. (0x5)
[0105/155218.245:ERROR:process_reader_win.cc(151)] SuspendThread: Access is denied. (0x5)
[0105/155218.282:ERROR:process_reader_win.cc(123)] NtOpenThread: {Access Denied} A process has requested access to an object, but has not been granted those access rights. (0xc0000022)
[0105/155218.316:ERROR:exception_snapshot_win.cc(99)] thread ID 50816 not found in process
[0105/155218.340:ERROR:process_reader_win.cc(151)] SuspendThread: Access is denied. (0x5)
[0105/155218.340:ERROR:process_reader_win.cc(151)] SuspendThread: Access is denied. (0x5)
[0105/155218.340:ERROR:process_reader_win.cc(151)] SuspendThread: Access is denied. (0x5)
[0105/155218.340:ERROR:process_reader_win.cc(151)] SuspendThread: Access is denied. (0x5)
[0105/155218.340:ERROR:process_reader_win.cc(151)] SuspendThread: Access is denied. (0x5)
[0105/155218.340:ERROR:process_reader_win.cc(151)] SuspendThread: Access is denied. (0x5)
[0105/155218.340:ERROR:process_reader_win.cc(123)] NtOpenThread: {Access Denied} A process has requested access to an object, but has not been granted those access rights. (0xc0000022)
[0105/155218.340:ERROR:exception_snapshot_win.cc(99)] thread ID 50008 not found in process
[0105/155316.332:ERROR:process_reader_win.cc(151)] SuspendThread: Access is denied. (0x5)
[0105/155316.355:ERROR:process_reader_win.cc(151)] SuspendThread: Access is denied. (0x5)
[0105/155316.355:ERROR:process_reader_win.cc(123)] NtOpenThread: {Access Denied} A process has requested access to an object, but has not been granted those access rights. (0xc0000022)
[0105/155316.372:ERROR:exception_snapshot_win.cc(99)] thread ID 47980 not found in process
[0105/155316.398:ERROR:process_reader_win.cc(151)] SuspendThread: Access is denied. (0x5)
[0105/155316.398:ERROR:process_reader_win.cc(151)] SuspendThread: Access is denied. (0x5)
[0105/155316.398:ERROR:process_reader_win.cc(151)] SuspendThread: Access is denied. (0x5)
[0105/155316.398:ERROR:process_reader_win.cc(151)] SuspendThread: Access is denied. (0x5)
[0105/155316.398:ERROR:process_reader_win.cc(123)] NtOpenThread: {Access Denied} A process has requested access to an object, but has not been granted those access rights. (0xc0000022)
[0105/155316.398:ERROR:exception_snapshot_win.cc(99)] thread ID 49084 not found in process
[0105/155446.117:ERROR:process_reader_win.cc(151)] SuspendThread: Access is denied. (0x5)
[0105/155446.120:ERROR:process_reader_win.cc(151)] SuspendThread: Access is denied. (0x5)
[0105/155446.120:ERROR:process_reader_win.cc(123)] NtOpenThread: {Access Denied} A process has requested access to an object, but has not been granted those access rights. (0xc0000022)
[0105/155446.133:ERROR:exception_snapshot_win.cc(99)] thread ID 46100 not found in process
[0105/155446.168:ERROR:process_reader_win.cc(123)] NtOpenThread: {Access Denied} A process has requested access to an object, but has not been granted those access rights. (0xc0000022)
[0105/155446.168:ERROR:exception_snapshot_win.cc(99)] thread ID 37604 not found in process
[0105/161438.841:ERROR:process_reader_win.cc(151)] SuspendThread: Access is denied. (0x5)
[0105/161438.883:ERROR:process_reader_win.cc(151)] SuspendThread: Access is denied. (0x5)
[0105/161438.902:ERROR:process_reader_win.cc(151)] SuspendThread: Access is denied. (0x5)
[0105/161438.902:ERROR:process_reader_win.cc(151)] SuspendThread: Access is denied. (0x5)
[0105/161438.902:ERROR:process_reader_win.cc(151)] SuspendThread: Access is denied. (0x5)
[0105/161438.902:ERROR:process_reader_win.cc(151)] SuspendThread: Access is denied. (0x5)
[0105/161438.902:ERROR:process_reader_win.cc(123)] NtOpenThread: {Access Denied} A process has requested access to an object, but has not been granted those access rights. (0xc0000022)
[0105/161438.883:ERROR:process_reader_win.cc(123)] NtOpenThread: {Access Denied} A process has requested access to an object, but has not been granted those access rights. (0xc0000022)
[0105/161438.903:ERROR:exception_snapshot_win.cc(99)] thread ID 50624 not found in process
[0105/161438.903:ERROR:exception_snapshot_win.cc(99)] thread ID 46348 not found in process
[0105/162206.356:ERROR:process_reader_win.cc(151)] SuspendThread: Access is denied. (0x5)
[0105/162206.359:ERROR:process_reader_win.cc(151)] SuspendThread: Access is denied. (0x5)
[0105/162206.359:ERROR:process_reader_win.cc(123)] NtOpenThread: {Access Denied} A process has requested access to an object, but has not been granted those access rights. (0xc0000022)
[0105/162206.364:ERROR:exception_snapshot_win.cc(99)] thread ID 53656 not found in process
[0105/162206.392:ERROR:process_reader_win.cc(151)] SuspendThread: Access is denied. (0x5)
[0105/162206.392:ERROR:process_reader_win.cc(151)] SuspendThread: Access is denied. (0x5)
[0105/162206.392:ERROR:process_reader_win.cc(151)] SuspendThread: Access is denied. (0x5)
[0105/162206.392:ERROR:process_reader_win.cc(151)] SuspendThread: Access is denied. (0x5)
[0105/162206.392:ERROR:process_reader_win.cc(151)] SuspendThread: Access is denied. (0x5)
[0105/162206.392:ERROR:process_reader_win.cc(123)] NtOpenThread: {Access Denied} A process has requested access to an object, but has not been granted those access rights. (0xc0000022)
[0105/162206.393:ERROR:exception_snapshot_win.cc(99)] thread ID 53604 not found in process
[0105/162956.425:ERROR:process_reader_win.cc(151)] SuspendThread: Access is denied. (0x5)
[0105/162956.428:ERROR:process_reader_win.cc(151)] SuspendThread: Access is denied. (0x5)
[0105/162956.428:ERROR:process_reader_win.cc(123)] NtOpenThread: {Access Denied} A process has requested access to an object, but has not been granted those access rights. (0xc0000022)
[0105/162956.429:ERROR:exception_snapshot_win.cc(99)] thread ID 48488 not found in process
[0105/162956.455:ERROR:process_reader_win.cc(123)] NtOpenThread: {Access Denied} A process has requested access to an object, but has not been granted those access rights. (0xc0000022)
[0105/162956.455:ERROR:exception_snapshot_win.cc(99)] thread ID 45924 not found in process
[0105/163100.430:ERROR:process_reader_win.cc(151)] SuspendThread: Access is denied. (0x5)
[0105/163100.484:ERROR:process_reader_win.cc(151)] SuspendThread: Access is denied. (0x5)
[0105/163100.484:ERROR:process_reader_win.cc(151)] SuspendThread: Access is denied. (0x5)
[0105/163100.484:ERROR:process_reader_win.cc(151)] SuspendThread: Access is denied. (0x5)
[0105/163100.484:ERROR:process_reader_win.cc(151)] SuspendThread: Access is denied. (0x5)
[0105/163100.484:ERROR:process_reader_win.cc(151)] SuspendThread: Access is denied. (0x5)
[0105/163100.484:ERROR:process_reader_win.cc(151)] SuspendThread: Access is denied. (0x5)
[0105/163100.484:ERROR:process_reader_win.cc(151)] SuspendThread: Access is denied. (0x5)
[0105/163100.484:ERROR:process_reader_win.cc(151)] SuspendThread: Access is denied. (0x5)
[0105/163100.485:ERROR:process_reader_win.cc(151)] SuspendThread: Access is denied. (0x5)
[0105/163100.485:ERROR:process_reader_win.cc(151)] SuspendThread: Access is denied. (0x5)
[0105/163100.485:ERROR:process_reader_win.cc(151)] SuspendThread: Access is denied. (0x5)
[0105/163100.485:ERROR:process_reader_win.cc(151)] SuspendThread: Access is denied. (0x5)
[0105/163100.485:ERROR:process_reader_win.cc(151)] SuspendThread: Access is denied. (0x5)
[0105/163100.485:ERROR:process_reader_win.cc(151)] SuspendThread: Access is denied. (0x5)
[0105/163100.530:ERROR:process_reader_win.cc(151)] SuspendThread: Access is denied. (0x5)
[0105/163100.530:ERROR:process_reader_win.cc(151)] SuspendThread: Access is denied. (0x5)
[0105/163100.530:ERROR:process_reader_win.cc(151)] SuspendThread: Access is denied. (0x5)
[0105/163100.530:ERROR:process_reader_win.cc(151)] SuspendThread: Access is denied. (0x5)
[0105/163100.530:ERROR:process_reader_win.cc(151)] SuspendThread: Access is denied. (0x5)
[0105/163100.485:ERROR:process_reader_win.cc(123)] NtOpenThread: {Access Denied} A process has requested access to an object, but has not been granted those access rights. (0xc0000022)
[0105/163100.534:ERROR:exception_snapshot_win.cc(99)] thread ID 54728 not found in process
[0105/163100.530:ERROR:process_reader_win.cc(123)] NtOpenThread: {Access Denied} A process has requested access to an object, but has not been granted those access rights. (0xc0000022)
[0105/163100.537:ERROR:exception_snapshot_win.cc(99)] thread ID 47244 not found in process
[0105/163223.803:ERROR:process_reader_win.cc(151)] SuspendThread: Access is denied. (0x5)
[0105/163223.805:ERROR:process_reader_win.cc(151)] SuspendThread: Access is denied. (0x5)
[0105/163223.805:ERROR:process_reader_win.cc(123)] NtOpenThread: {Access Denied} A process has requested access to an object, but has not been granted those access rights. (0xc0000022)
[0105/163223.854:ERROR:exception_snapshot_win.cc(99)] thread ID 53736 not found in process
[0105/163223.877:ERROR:process_reader_win.cc(151)] SuspendThread: Access is denied. (0x5)
[0105/163223.877:ERROR:process_reader_win.cc(123)] NtOpenThread: {Access Denied} A process has requested access to an object, but has not been granted those access rights. (0xc0000022)
[0105/163223.877:ERROR:exception_snapshot_win.cc(99)] thread ID 52596 not found in process
[0105/163223.881:ERROR:process_reader_win.cc(151)] SuspendThread: Access is denied. (0x5)
[0105/163223.881:ERROR:process_reader_win.cc(151)] SuspendThread: Access is denied. (0x5)
[0105/163223.881:ERROR:process_reader_win.cc(151)] SuspendThread: Access is denied. (0x5)
[0105/163223.881:ERROR:process_reader_win.cc(151)] SuspendThread: Access is denied. (0x5)
[0105/163223.881:ERROR:process_reader_win.cc(151)] SuspendThread: Access is denied. (0x5)
[0105/163223.881:ERROR:process_reader_win.cc(151)] SuspendThread: Access is denied. (0x5)
[0105/163223.881:ERROR:process_reader_win.cc(123)] NtOpenThread: {Access Denied} A process has requested access to an object, but has not been granted those access rights. (0xc0000022)
[0105/163223.881:ERROR:exception_snapshot_win.cc(99)] thread ID 41216 not found in process
[0105/163538.495:ERROR:process_reader_win.cc(151)] SuspendThread: Access is denied. (0x5)
[0105/163538.497:ERROR:process_reader_win.cc(151)] SuspendThread: Access is denied. (0x5)
[0105/163538.497:ERROR:process_reader_win.cc(123)] NtOpenThread: {Access Denied} A process has requested access to an object, but has not been granted those access rights. (0xc0000022)
[0105/163538.498:ERROR:exception_snapshot_win.cc(99)] thread ID 52228 not found in process
[0105/163538.578:ERROR:process_reader_win.cc(151)] SuspendThread: Access is denied. (0x5)
[0105/163538.578:ERROR:process_reader_win.cc(151)] SuspendThread: Access is denied. (0x5)
[0105/163538.578:ERROR:process_reader_win.cc(151)] SuspendThread: Access is denied. (0x5)
[0105/163538.578:ERROR:process_reader_win.cc(151)] SuspendThread: Access is denied. (0x5)
[0105/163538.579:ERROR:process_reader_win.cc(151)] SuspendThread: Access is denied. (0x5)
[0105/163538.579:ERROR:process_reader_win.cc(151)] SuspendThread: Access is denied. (0x5)
[0105/163538.579:ERROR:process_reader_win.cc(123)] NtOpenThread: {Access Denied} A process has requested access to an object, but has not been granted those access rights. (0xc0000022)
[0105/163538.579:ERROR:exception_snapshot_win.cc(99)] thread ID 55960 not found in process
[0105/164751.571:ERROR:directory_reader_win.cc(43)] FindFirstFile: The system cannot find the path specified. (0x3)
[0105/170726.270:ERROR:directory_reader_win.cc(43)] FindFirstFile: The system cannot find the path specified. (0x3)
[0105/182927.218:ERROR:directory_reader_win.cc(43)] FindFirstFile: The system cannot find the path specified. (0x3)
[0105/203742.260:ERROR:directory_reader_win.cc(43)] FindFirstFile: The system cannot find the path specified. (0x3)
[0105/212233.893:ERROR:directory_reader_win.cc(43)] FindFirstFile: The system cannot find the path specified. (0x3)
[0105/212233.895:ERROR:prune_crash_reports.cc(36)] PruneCrashReportDatabase: Failed to get pending reports
[0106/053113.383:ERROR:directory_reader_win.cc(43)] FindFirstFile: The system cannot find the path specified. (0x3)
[0106/063042.391:ERROR:directory_reader_win.cc(43)] FindFirstFile: The system cannot find the path specified. (0x3)
[0106/072404.311:ERROR:directory_reader_win.cc(43)] FindFirstFile: The system cannot find the path specified. (0x3)
[0106/085029.091:ERROR:directory_reader_win.cc(43)] FindFirstFile: The system cannot find the path specified. (0x3)
